<!DOCTYPE html PUBLIC "-//W3C//DTD XHTML 1.1//EN" "https://www.w3.org/TR/xhtml11/DTD/xhtml11.dtd">
<html xmlns="https://www.w3.org/1999/xhtml">
<head>
<meta http-equiv="content-type" content="text/html; charset=UTF-8"/>
<title>TestNG Report</title>
<style type="text/css">table {margin-bottom:10px;border-collapse:collapse;empty-cells:show}th,td {border:1px solid #009;padding:.25em .5em}th {vertical-align:bottom}td {vertical-align:top}table a {font-weight:bold}.stripe td {background-color: #E6EBF9}.num {text-align:right}.passedodd td {background-color: #3F3}.passedeven td {background-color: #0A0}.skippedodd td {background-color: #DDD}.skippedeven td {background-color: #CCC}.failedodd td,.attn {background-color: #F33}.failedeven td,.stripe .attn {background-color: #D00}.stacktrace {white-space:pre;font-family:monospace}.totop {font-size:85%;text-align:center;border-bottom:2px solid #000}.invisible {display:none}</style>
</head>
<body>
<table>
<tr><th>Test</th><th># Passed</th><th># Skipped</th><th># Retried</th><th># Failed</th><th>Time (ms)</th><th>Included Groups</th><th>Excluded Groups</th></tr>
<tr><th colspan="8">Suite</th></tr>
<tr><td><a href="#t0">Test</a></td><td class="num">4</td><td class="num">0</td><td class="num">0</td><td class="num attn">2</td><td class="num">168,631</td><td></td><td></td></tr>
</table>
<table id='summary'><thead><tr><th>Class</th><th>Method</th><th>Start</th><th>Time (ms)</th></tr></thead><tbody><tr><th colspan="4">Suite</th></tr></tbody><tbody id="t0"><tr><th colspan="4">Test &#8212; failed</th></tr><tr class="failedeven"><td rowspan="1">ai.ds.testlayer.BuyFunctionality</td><td><a href="#m0">verifyBuyShareFunctionLongTerm</a></td><td rowspan="1">1670560498742</td><td rowspan="1">20146</td></tr><tr class="failedodd"><td rowspan="1">ai.ds.testlayer.LoginPageTest</td><td><a href="#m1">verifyLoginTest</a></td><td rowspan="1">1670560428293</td><td rowspan="1">19</td></tr><tr><th colspan="4">Test &#8212; passed</th></tr><tr class="passedeven"><td rowspan="3">ai.ds.testlayer.BuyFunctionality</td><td><a href="#m2">verifyBuyShareFunctionLongTerm</a></td><td rowspan="3">1670560438348</td><td rowspan="3">7230</td></tr><tr class="passedeven"><td><a href="#m3">verifyBuyShareFunctionLongTerm</a></td></tr><tr class="passedeven"><td><a href="#m4">verifyBuyShareFunctionLongTerm</a></td></tr><tr class="passedodd"><td rowspan="1">ai.ds.testlayer.TransactionsTest</td><td><a href="#m5">getTransactionsDetail</a></td><td rowspan="1">1670560575637</td><td rowspan="1">11944</td></tr></tbody>
</table>
<h2>Test</h2><h3 id="m0">ai.ds.testlayer.BuyFunctionality#verifyBuyShareFunctionLongTerm</h3><table class="result"><tr class="param"><th>Parameter #1</th></tr><tr class="param stripe"><td>SBI</td></tr><tr><th>Exception</th></tr><tr><td><div class="stacktrace">org.openqa.selenium.ElementNotInteractableException: element not interactable
  (Session info: chrome=108.0.5359.96)
Build info: version: &apos;4.5.3&apos;, revision: &apos;4b786a1e430&apos;
System info: os.name: &apos;Windows 10&apos;, os.arch: &apos;amd64&apos;, os.version: &apos;10.0&apos;, java.version: &apos;17&apos;
Driver info: org.openqa.selenium.chrome.ChromeDriver
Command: [e1efd38d2ac48a680c21e4d2e0d2e428, clickElement {id=d2d682db-16a0-45be-9be5-3598f1cb6824}]
Capabilities {acceptInsecureCerts: false, browserName: chrome, browserVersion: 108.0.5359.96, chrome: {chromedriverVersion: 108.0.5359.71 (1e0e3868ee06..., userDataDir: C:\Users\232338\AppData\Loc...}, goog:chromeOptions: {debuggerAddress: localhost:52215}, networkConnectionEnabled: false, pageLoadStrategy: normal, platformName: WINDOWS, proxy: Proxy(), se:cdp: ws://localhost:52215/devtoo..., se:cdpVersion: 108.0.5359.96, setWindowRect: true, strictFileInteractability: false, timeouts: {implicit: 0, pageLoad: 300000, script: 30000}, unhandledPromptBehavior: dismiss and notify, webauthn:extension:credBlob: true, webauthn:extension:largeBlob: true, webauthn:virtualAuthenticators: true}
Element: [[ChromeDriver: chrome on WINDOWS (e1efd38d2ac48a680c21e4d2e0d2e428)] -&gt; xpath: (//div[@class=&apos;m-4 card&apos;])[2]]
Session ID: e1efd38d2ac48a680c21e4d2e0d2e428
	at org.openqa.selenium.remote.codec.w3c.W3CHttpResponseCodec.createException(W3CHttpResponseCodec.java:200)
	at org.openqa.selenium.remote.codec.w3c.W3CHttpResponseCodec.decode(W3CHttpResponseCodec.java:133)
	at org.openqa.selenium.remote.codec.w3c.W3CHttpResponseCodec.decode(W3CHttpResponseCodec.java:53)
	at org.openqa.selenium.remote.HttpCommandExecutor.execute(HttpCommandExecutor.java:184)
	at org.openqa.selenium.remote.service.DriverCommandExecutor.invokeExecute(DriverCommandExecutor.java:167)
	at org.openqa.selenium.remote.service.DriverCommandExecutor.execute(DriverCommandExecutor.java:142)
	at org.openqa.selenium.remote.RemoteWebDriver.execute(RemoteWebDriver.java:541)
	at org.openqa.selenium.remote.RemoteWebElement.execute(RemoteWebElement.java:257)
	at org.openqa.selenium.remote.RemoteWebElement.click(RemoteWebElement.java:78)
	at ai.ds.pagelayer.DashboardPage.selectOption(DashboardPage.java:28)
	at ai.ds.testlayer.BuyFunctionality.verifyBuyShareFunctionLongTerm(BuyFunctionality.java:28)
	at java.base/java.util.ArrayList.forEach(ArrayList.java:1511)
... Removed 32 stack frames</div></td></tr></table><p class="totop"><a href="#summary">back to summary</a></p>
<h3 id="m1">ai.ds.testlayer.LoginPageTest#verifyLoginTest</h3><table class="result"><tr><th>Exception</th></tr><tr><td><div class="stacktrace">java.lang.AssertionError: expected [https://www.apps.dalalstreet.ai/] but found [https://www.apps.dalalstreet.ai/dashboard]
	at ai.ds.testlayer.LoginPageTest.verifyLoginTest(LoginPageTest.java:17)
	at java.base/java.util.ArrayList.forEach(ArrayList.java:1511)
... Removed 33 stack frames</div></td></tr></table><p class="totop"><a href="#summary">back to summary</a></p>
<h3 id="m2">ai.ds.testlayer.BuyFunctionality#verifyBuyShareFunctionLongTerm</h3><table class="result"><tr class="param"><th>Parameter #1</th></tr><tr class="param stripe"><td>WIPRO</td></tr></table><p class="totop"><a href="#summary">back to summary</a></p>
<h3 id="m3">ai.ds.testlayer.BuyFunctionality#verifyBuyShareFunctionLongTerm</h3><table class="result"><tr class="param"><th>Parameter #1</th></tr><tr class="param stripe"><td>AXIS</td></tr></table><p class="totop"><a href="#summary">back to summary</a></p>
<h3 id="m4">ai.ds.testlayer.BuyFunctionality#verifyBuyShareFunctionLongTerm</h3><table class="result"><tr class="param"><th>Parameter #1</th></tr><tr class="param stripe"><td>Tech Mahindra</td></tr></table><p class="totop"><a href="#summary">back to summary</a></p>
<h3 id="m5">ai.ds.testlayer.TransactionsTest#getTransactionsDetail</h3><table class="result"><tr><th class="invisible"/></tr></table><p class="totop"><a href="#summary">back to summary</a></p>
</body>
</html>
