<?xml version="1.0" encoding="UTF-8"?>
<testng-results ignored="4" total="10" passed="4" failed="2" skipped="0">
  <reporter-output>
  </reporter-output>
  <suite started-at="2022-12-09T10:03:38 IST" name="Suite" finished-at="2022-12-09T10:06:27 IST" duration-ms="168631">
    <groups>
    </groups>
    <test started-at="2022-12-09T10:03:38 IST" name="Test" finished-at="2022-12-09T10:06:27 IST" duration-ms="168631">
      <class name="ai.ds.testlayer.LoginPageTest">
        <test-method is-config="true" signature="start()[pri:0, instance:ai.ds.testlayer.LoginPageTest@8f4ea7c]" started-at="2022-12-09T10:03:38 IST" name="start" finished-at="2022-12-09T10:03:39 IST" duration-ms="156" status="PASS">
          <reporter-output>
          </reporter-output>
        </test-method> <!-- start -->
        <test-method is-config="true" signature="setup()[pri:0, instance:ai.ds.testlayer.LoginPageTest@8f4ea7c]" started-at="2022-12-09T10:03:39 IST" name="setup" finished-at="2022-12-09T10:03:48 IST" duration-ms="9146" status="PASS">
          <reporter-output>
          </reporter-output>
        </test-method> <!-- setup -->
        <test-method signature="verifyLoginTest()[pri:0, instance:ai.ds.testlayer.LoginPageTest@8f4ea7c]" started-at="2022-12-09T10:03:48 IST" name="verifyLoginTest" finished-at="2022-12-09T10:03:48 IST" duration-ms="19" status="FAIL">
          <exception class="java.lang.AssertionError">
            <message>
              <![CDATA[expected [https://www.apps.dalalstreet.ai/] but found [https://www.apps.dalalstreet.ai/dashboard]]]>
            </message>
            <full-stacktrace>
              <![CDATA[java.lang.AssertionError: expected [https://www.apps.dalalstreet.ai/] but found [https://www.apps.dalalstreet.ai/dashboard]
at org.testng.Assert.fail(Assert.java:99)
at org.testng.Assert.failNotEquals(Assert.java:1037)
at org.testng.Assert.assertEqualsImpl(Assert.java:140)
at org.testng.Assert.assertEquals(Assert.java:122)
at org.testng.Assert.assertEquals(Assert.java:629)
at org.testng.Assert.assertEquals(Assert.java:639)
at ai.ds.testlayer.LoginPageTest.verifyLoginTest(LoginPageTest.java:17)
at java.base/jdk.internal.reflect.NativeMethodAccessorImpl.invoke0(Native Method)
at java.base/jdk.internal.reflect.NativeMethodAccessorImpl.invoke(NativeMethodAccessorImpl.java:77)
at java.base/jdk.internal.reflect.DelegatingMethodAccessorImpl.invoke(DelegatingMethodAccessorImpl.java:43)
at java.base/java.lang.reflect.Method.invoke(Method.java:568)
at org.testng.internal.MethodInvocationHelper.invokeMethod(MethodInvocationHelper.java:133)
at org.testng.internal.TestInvoker.invokeMethod(TestInvoker.java:598)
at org.testng.internal.TestInvoker.invokeTestMethod(TestInvoker.java:173)
at org.testng.internal.MethodRunner.runInSequence(MethodRunner.java:46)
at org.testng.internal.TestInvoker$MethodInvocationAgent.invoke(TestInvoker.java:824)
at org.testng.internal.TestInvoker.invokeTestMethods(TestInvoker.java:146)
at org.testng.internal.TestMethodWorker.invokeTestMethods(TestMethodWorker.java:146)
at org.testng.internal.TestMethodWorker.run(TestMethodWorker.java:128)
at java.base/java.util.ArrayList.forEach(ArrayList.java:1511)
at org.testng.TestRunner.privateRun(TestRunner.java:794)
at org.testng.TestRunner.run(TestRunner.java:596)
at org.testng.SuiteRunner.runTest(SuiteRunner.java:377)
at org.testng.SuiteRunner.runSequentially(SuiteRunner.java:371)
at org.testng.SuiteRunner.privateRun(SuiteRunner.java:332)
at org.testng.SuiteRunner.run(SuiteRunner.java:276)
at org.testng.SuiteRunnerWorker.runSuite(SuiteRunnerWorker.java:53)
at org.testng.SuiteRunnerWorker.run(SuiteRunnerWorker.java:96)
at org.testng.TestNG.runSuitesSequentially(TestNG.java:1212)
at org.testng.TestNG.runSuitesLocally(TestNG.java:1134)
at org.testng.TestNG.runSuites(TestNG.java:1063)
at org.testng.TestNG.run(TestNG.java:1031)
at org.testng.remote.AbstractRemoteTestNG.run(AbstractRemoteTestNG.java:115)
at org.testng.remote.RemoteTestNG.initAndRun(RemoteTestNG.java:251)
at org.testng.remote.RemoteTestNG.main(RemoteTestNG.java:77)
]]>
            </full-stacktrace>
          </exception> <!-- java.lang.AssertionError -->
          <reporter-output>
          </reporter-output>
        </test-method> <!-- verifyLoginTest -->
        <test-method is-config="true" signature="tearDown()[pri:0, instance:ai.ds.testlayer.LoginPageTest@8f4ea7c]" started-at="2022-12-09T10:03:48 IST" name="tearDown" finished-at="2022-12-09T10:03:48 IST" duration-ms="0" status="PASS">
          <reporter-output>
          </reporter-output>
        </test-method> <!-- tearDown -->
        <test-method is-config="true" signature="end()[pri:0, instance:ai.ds.testlayer.LoginPageTest@8f4ea7c]" started-at="2022-12-09T10:06:27 IST" name="end" finished-at="2022-12-09T10:06:27 IST" duration-ms="1" status="PASS">
          <reporter-output>
          </reporter-output>
        </test-method> <!-- end -->
      </class> <!-- ai.ds.testlayer.LoginPageTest -->
      <class name="ai.ds.testlayer.BuyFunctionality">
        <test-method is-config="true" signature="setup()[pri:0, instance:ai.ds.testlayer.BuyFunctionality@57a3af25]" started-at="2022-12-09T10:03:48 IST" name="setup" finished-at="2022-12-09T10:03:58 IST" duration-ms="9805" status="PASS">
          <reporter-output>
          </reporter-output>
        </test-method> <!-- setup -->
        <test-method signature="verifyBuyShareFunctionLongTerm(java.lang.String)[pri:0, instance:ai.ds.testlayer.BuyFunctionality@57a3af25]" started-at="2022-12-09T10:03:58 IST" name="verifyBuyShareFunctionLongTerm" data-provider="companynames" finished-at="2022-12-09T10:04:05 IST" duration-ms="7230" status="PASS">
          <params>
            <param index="0">
              <value>
                <![CDATA[WIPRO]]>
              </value>
            </param>
          </params>
          <reporter-output>
          </reporter-output>
        </test-method> <!-- verifyBuyShareFunctionLongTerm -->
        <test-method is-config="true" signature="tearDown()[pri:0, instance:ai.ds.testlayer.BuyFunctionality@57a3af25]" started-at="2022-12-09T10:04:05 IST" name="tearDown" finished-at="2022-12-09T10:04:05 IST" duration-ms="1" status="PASS">
          <reporter-output>
          </reporter-output>
        </test-method> <!-- tearDown -->
        <test-method is-config="true" signature="setup()[pri:0, instance:ai.ds.testlayer.BuyFunctionality@57a3af25]" started-at="2022-12-09T10:04:05 IST" name="setup" finished-at="2022-12-09T10:04:23 IST" duration-ms="17782" status="PASS">
          <reporter-output>
          </reporter-output>
        </test-method> <!-- setup -->
        <test-method signature="verifyBuyShareFunctionLongTerm(java.lang.String)[pri:0, instance:ai.ds.testlayer.BuyFunctionality@57a3af25]" started-at="2022-12-09T10:04:23 IST" name="verifyBuyShareFunctionLongTerm" data-provider="companynames" finished-at="2022-12-09T10:04:30 IST" duration-ms="6810" status="PASS">
          <params>
            <param index="0">
              <value>
                <![CDATA[AXIS]]>
              </value>
            </param>
          </params>
          <reporter-output>
          </reporter-output>
        </test-method> <!-- verifyBuyShareFunctionLongTerm -->
        <test-method is-config="true" signature="setup()[pri:0, instance:ai.ds.testlayer.BuyFunctionality@57a3af25]" started-at="2022-12-09T10:04:30 IST" name="setup" finished-at="2022-12-09T10:04:58 IST" duration-ms="28567" status="PASS">
          <reporter-output>
          </reporter-output>
        </test-method> <!-- setup -->
        <test-method is-config="true" signature="tearDown()[pri:0, instance:ai.ds.testlayer.BuyFunctionality@57a3af25]" started-at="2022-12-09T10:04:30 IST" name="tearDown" finished-at="2022-12-09T10:04:30 IST" duration-ms="0" status="PASS">
          <reporter-output>
          </reporter-output>
        </test-method> <!-- tearDown -->
        <test-method signature="verifyBuyShareFunctionLongTerm(java.lang.String)[pri:0, instance:ai.ds.testlayer.BuyFunctionality@57a3af25]" started-at="2022-12-09T10:04:58 IST" name="verifyBuyShareFunctionLongTerm" data-provider="companynames" finished-at="2022-12-09T10:05:18 IST" duration-ms="20146" status="FAIL">
          <params>
            <param index="0">
              <value>
                <![CDATA[SBI]]>
              </value>
            </param>
          </params>
          <exception class="org.openqa.selenium.ElementNotInteractableException">
            <message>
              <![CDATA[element not interactable
  (Session info: chrome=108.0.5359.96)
Build info: version: '4.5.3', revision: '4b786a1e430'
System info: os.name: 'Windows 10', os.arch: 'amd64', os.version: '10.0', java.version: '17'
Driver info: org.openqa.selenium.chrome.ChromeDriver
Command: [e1efd38d2ac48a680c21e4d2e0d2e428, clickElement {id=d2d682db-16a0-45be-9be5-3598f1cb6824}]
Capabilities {acceptInsecureCerts: false, browserName: chrome, browserVersion: 108.0.5359.96, chrome: {chromedriverVersion: 108.0.5359.71 (1e0e3868ee06..., userDataDir: C:\Users\232338\AppData\Loc...}, goog:chromeOptions: {debuggerAddress: localhost:52215}, networkConnectionEnabled: false, pageLoadStrategy: normal, platformName: WINDOWS, proxy: Proxy(), se:cdp: ws://localhost:52215/devtoo..., se:cdpVersion: 108.0.5359.96, setWindowRect: true, strictFileInteractability: false, timeouts: {implicit: 0, pageLoad: 300000, script: 30000}, unhandledPromptBehavior: dismiss and notify, webauthn:extension:credBlob: true, webauthn:extension:largeBlob: true, webauthn:virtualAuthenticators: true}
Element: [[ChromeDriver: chrome on WINDOWS (e1efd38d2ac48a680c21e4d2e0d2e428)] -> xpath: (//div[@class='m-4 card'])[2]]
Session ID: e1efd38d2ac48a680c21e4d2e0d2e428]]>
            </message>
            <full-stacktrace>
              <![CDATA[org.openqa.selenium.ElementNotInteractableException: element not interactable
  (Session info: chrome=108.0.5359.96)
Build info: version: '4.5.3', revision: '4b786a1e430'
System info: os.name: 'Windows 10', os.arch: 'amd64', os.version: '10.0', java.version: '17'
Driver info: org.openqa.selenium.chrome.ChromeDriver
Command: [e1efd38d2ac48a680c21e4d2e0d2e428, clickElement {id=d2d682db-16a0-45be-9be5-3598f1cb6824}]
Capabilities {acceptInsecureCerts: false, browserName: chrome, browserVersion: 108.0.5359.96, chrome: {chromedriverVersion: 108.0.5359.71 (1e0e3868ee06..., userDataDir: C:\Users\232338\AppData\Loc...}, goog:chromeOptions: {debuggerAddress: localhost:52215}, networkConnectionEnabled: false, pageLoadStrategy: normal, platformName: WINDOWS, proxy: Proxy(), se:cdp: ws://localhost:52215/devtoo..., se:cdpVersion: 108.0.5359.96, setWindowRect: true, strictFileInteractability: false, timeouts: {implicit: 0, pageLoad: 300000, script: 30000}, unhandledPromptBehavior: dismiss and notify, webauthn:extension:credBlob: true, webauthn:extension:largeBlob: true, webauthn:virtualAuthenticators: true}
Element: [[ChromeDriver: chrome on WINDOWS (e1efd38d2ac48a680c21e4d2e0d2e428)] -> xpath: (//div[@class='m-4 card'])[2]]
Session ID: e1efd38d2ac48a680c21e4d2e0d2e428
at java.base/jdk.internal.reflect.NativeConstructorAccessorImpl.newInstance0(Native Method)
at java.base/jdk.internal.reflect.NativeConstructorAccessorImpl.newInstance(NativeConstructorAccessorImpl.java:77)
at java.base/jdk.internal.reflect.DelegatingConstructorAccessorImpl.newInstance(DelegatingConstructorAccessorImpl.java:45)
at java.base/java.lang.reflect.Constructor.newInstanceWithCaller(Constructor.java:499)
at java.base/java.lang.reflect.Constructor.newInstance(Constructor.java:480)
at org.openqa.selenium.remote.codec.w3c.W3CHttpResponseCodec.createException(W3CHttpResponseCodec.java:200)
at org.openqa.selenium.remote.codec.w3c.W3CHttpResponseCodec.decode(W3CHttpResponseCodec.java:133)
at org.openqa.selenium.remote.codec.w3c.W3CHttpResponseCodec.decode(W3CHttpResponseCodec.java:53)
at org.openqa.selenium.remote.HttpCommandExecutor.execute(HttpCommandExecutor.java:184)
at org.openqa.selenium.remote.service.DriverCommandExecutor.invokeExecute(DriverCommandExecutor.java:167)
at org.openqa.selenium.remote.service.DriverCommandExecutor.execute(DriverCommandExecutor.java:142)
at org.openqa.selenium.remote.RemoteWebDriver.execute(RemoteWebDriver.java:541)
at org.openqa.selenium.remote.RemoteWebElement.execute(RemoteWebElement.java:257)
at org.openqa.selenium.remote.RemoteWebElement.click(RemoteWebElement.java:78)
at ai.ds.pagelayer.DashboardPage.selectOption(DashboardPage.java:28)
at ai.ds.testlayer.BuyFunctionality.verifyBuyShareFunctionLongTerm(BuyFunctionality.java:28)
at java.base/jdk.internal.reflect.NativeMethodAccessorImpl.invoke0(Native Method)
at java.base/jdk.internal.reflect.NativeMethodAccessorImpl.invoke(NativeMethodAccessorImpl.java:77)
at java.base/jdk.internal.reflect.DelegatingMethodAccessorImpl.invoke(DelegatingMethodAccessorImpl.java:43)
at java.base/java.lang.reflect.Method.invoke(Method.java:568)
at org.testng.internal.MethodInvocationHelper.invokeMethod(MethodInvocationHelper.java:133)
at org.testng.internal.TestInvoker.invokeMethod(TestInvoker.java:598)
at org.testng.internal.TestInvoker.invokeTestMethod(TestInvoker.java:173)
at org.testng.internal.MethodRunner.runInSequence(MethodRunner.java:46)
at org.testng.internal.TestInvoker$MethodInvocationAgent.invoke(TestInvoker.java:824)
at org.testng.internal.TestInvoker.invokeTestMethods(TestInvoker.java:146)
at org.testng.internal.TestMethodWorker.invokeTestMethods(TestMethodWorker.java:146)
at org.testng.internal.TestMethodWorker.run(TestMethodWorker.java:128)
at java.base/java.util.ArrayList.forEach(ArrayList.java:1511)
at org.testng.TestRunner.privateRun(TestRunner.java:794)
at org.testng.TestRunner.run(TestRunner.java:596)
at org.testng.SuiteRunner.runTest(SuiteRunner.java:377)
at org.testng.SuiteRunner.runSequentially(SuiteRunner.java:371)
at org.testng.SuiteRunner.privateRun(SuiteRunner.java:332)
at org.testng.SuiteRunner.run(SuiteRunner.java:276)
at org.testng.SuiteRunnerWorker.runSuite(SuiteRunnerWorker.java:53)
at org.testng.SuiteRunnerWorker.run(SuiteRunnerWorker.java:96)
at org.testng.TestNG.runSuitesSequentially(TestNG.java:1212)
at org.testng.TestNG.runSuitesLocally(TestNG.java:1134)
at org.testng.TestNG.runSuites(TestNG.java:1063)
at org.testng.TestNG.run(TestNG.java:1031)
at org.testng.remote.AbstractRemoteTestNG.run(AbstractRemoteTestNG.java:115)
at org.testng.remote.RemoteTestNG.initAndRun(RemoteTestNG.java:251)
at org.testng.remote.RemoteTestNG.main(RemoteTestNG.java:77)
]]>
            </full-stacktrace>
          </exception> <!-- org.openqa.selenium.ElementNotInteractableException -->
          <reporter-output>
          </reporter-output>
        </test-method> <!-- verifyBuyShareFunctionLongTerm -->
        <test-method is-config="true" signature="tearDown()[pri:0, instance:ai.ds.testlayer.BuyFunctionality@57a3af25]" started-at="2022-12-09T10:05:19 IST" name="tearDown" finished-at="2022-12-09T10:05:19 IST" duration-ms="0" status="PASS">
          <reporter-output>
          </reporter-output>
        </test-method> <!-- tearDown -->
        <test-method is-config="true" signature="setup()[pri:0, instance:ai.ds.testlayer.BuyFunctionality@57a3af25]" started-at="2022-12-09T10:05:19 IST" name="setup" finished-at="2022-12-09T10:05:37 IST" duration-ms="18563" status="PASS">
          <reporter-output>
          </reporter-output>
        </test-method> <!-- setup -->
        <test-method signature="verifyBuyShareFunctionLongTerm(java.lang.String)[pri:0, instance:ai.ds.testlayer.BuyFunctionality@57a3af25]" started-at="2022-12-09T10:05:37 IST" name="verifyBuyShareFunctionLongTerm" data-provider="companynames" finished-at="2022-12-09T10:05:44 IST" duration-ms="7029" status="PASS">
          <params>
            <param index="0">
              <value>
                <![CDATA[Tech Mahindra]]>
              </value>
            </param>
          </params>
          <reporter-output>
          </reporter-output>
        </test-method> <!-- verifyBuyShareFunctionLongTerm -->
        <test-method is-config="true" signature="tearDown()[pri:0, instance:ai.ds.testlayer.BuyFunctionality@57a3af25]" started-at="2022-12-09T10:05:44 IST" name="tearDown" finished-at="2022-12-09T10:05:44 IST" duration-ms="0" status="PASS">
          <reporter-output>
          </reporter-output>
        </test-method> <!-- tearDown -->
      </class> <!-- ai.ds.testlayer.BuyFunctionality -->
      <class name="ai.ds.testlayer.TransactionsTest">
        <test-method is-config="true" signature="setup()[pri:0, instance:ai.ds.testlayer.TransactionsTest@2b662a77]" started-at="2022-12-09T10:05:44 IST" name="setup" finished-at="2022-12-09T10:06:15 IST" duration-ms="30953" status="PASS">
          <reporter-output>
          </reporter-output>
        </test-method> <!-- setup -->
        <test-method signature="getTransactionsDetail()[pri:0, instance:ai.ds.testlayer.TransactionsTest@2b662a77]" started-at="2022-12-09T10:06:15 IST" name="getTransactionsDetail" finished-at="2022-12-09T10:06:27 IST" duration-ms="11944" status="PASS">
          <reporter-output>
          </reporter-output>
        </test-method> <!-- getTransactionsDetail -->
        <test-method is-config="true" signature="tearDown()[pri:0, instance:ai.ds.testlayer.TransactionsTest@2b662a77]" started-at="2022-12-09T10:06:27 IST" name="tearDown" finished-at="2022-12-09T10:06:27 IST" duration-ms="0" status="PASS">
          <reporter-output>
          </reporter-output>
        </test-method> <!-- tearDown -->
      </class> <!-- ai.ds.testlayer.TransactionsTest -->
    </test> <!-- Test -->
  </suite> <!-- Suite -->
</testng-results>
